[30-Jun-2012 00:14:22 UTC] PHP Warning:  Missing argument 2 for eddrcp_add_subscription_access() in /home/pippin/sites/wordpress/wp-content/plugins/edd-rcp/edd-rcp.php on line 11
[30-Jun-2012 00:14:22 UTC] PHP Warning:  Missing argument 3 for eddrcp_add_subscription_access() in /home/pippin/sites/wordpress/wp-content/plugins/edd-rcp/edd-rcp.php on line 11
[30-Jun-2012 00:15:17 UTC] PHP Warning:  Missing argument 2 for eddrcp_add_subscription_access() in /home/pippin/sites/wordpress/wp-content/plugins/edd-rcp/edd-rcp.php on line 11
[30-Jun-2012 00:15:17 UTC] PHP Warning:  Missing argument 3 for eddrcp_add_subscription_access() in /home/pippin/sites/wordpress/wp-content/plugins/edd-rcp/edd-rcp.php on line 11
[30-Jun-2012 00:15:29 UTC] PHP Warning:  Invalid argument supplied for foreach() in /home/pippin/sites/wordpress/wp-content/plugins/easy-digital-downloads/includes/payment-actions.php on line 40
[30-Jun-2012 00:15:29 UTC] PHP Warning:  Invalid argument supplied for foreach() in /home/pippin/sites/wordpress/wp-content/plugins/easy-digital-downloads/includes/email-template.php on line 35
[30-Jun-2012 00:15:29 UTC] PHP Warning:  Invalid argument supplied for foreach() in /home/pippin/sites/wordpress/wp-content/plugins/easy-digital-downloads/includes/email-functions.php on line 51
[30-Jun-2012 00:16:35 UTC] PHP Warning:  Invalid argument supplied for foreach() in /home/pippin/sites/wordpress/wp-content/plugins/easy-digital-downloads/includes/payment-actions.php on line 40
[30-Jun-2012 00:16:35 UTC] PHP Warning:  Invalid argument supplied for foreach() in /home/pippin/sites/wordpress/wp-content/plugins/easy-digital-downloads/includes/email-template.php on line 35
[30-Jun-2012 00:16:35 UTC] PHP Warning:  Invalid argument supplied for foreach() in /home/pippin/sites/wordpress/wp-content/plugins/easy-digital-downloads/includes/email-functions.php on line 51
[02-Jul-2012 20:32:06 UTC] PHP Warning:  Invalid argument supplied for foreach() in /home/pippin/sites/wordpress/wp-content/plugins/easy-digital-downloads/includes/register-settings.php on line 639
[02-Jul-2012 21:50:24 UTC] PHP Warning:  Invalid argument supplied for foreach() in /home/pippin/sites/wordpress/wp-content/plugins/edd-content-restriction/edd-content-restriction.php on line 54
[05-Jul-2012 17:25:59 UTC] PHP Warning:  array_combine(): Both parameters should have an equal number of elements in /home/pippin/sites/wordpress/wp-content/plugins/edd-csv-purchase-import/edd-csv-purchase-import.php on line 53
[05-Jul-2012 17:25:59 UTC] PHP Warning:  array_combine(): Both parameters should have an equal number of elements in /home/pippin/sites/wordpress/wp-content/plugins/edd-csv-purchase-import/edd-csv-purchase-import.php on line 53
[05-Jul-2012 17:25:59 UTC] PHP Warning:  array_combine(): Both parameters should have an equal number of elements in /home/pippin/sites/wordpress/wp-content/plugins/edd-csv-purchase-import/edd-csv-purchase-import.php on line 53
[05-Jul-2012 17:25:59 UTC] PHP Warning:  array_combine(): Both parameters should have an equal number of elements in /home/pippin/sites/wordpress/wp-content/plugins/edd-csv-purchase-import/edd-csv-purchase-import.php on line 53
[05-Jul-2012 17:25:59 UTC] PHP Warning:  array_combine(): Both parameters should have an equal number of elements in /home/pippin/sites/wordpress/wp-content/plugins/edd-csv-purchase-import/edd-csv-purchase-import.php on line 53
[05-Jul-2012 17:30:18 UTC] PHP Warning:  array_combine(): Both parameters should have an equal number of elements in /home/pippin/sites/wordpress/wp-content/plugins/edd-csv-purchase-import/edd-csv-purchase-import.php on line 53
[05-Jul-2012 17:30:18 UTC] PHP Warning:  array_combine(): Both parameters should have an equal number of elements in /home/pippin/sites/wordpress/wp-content/plugins/edd-csv-purchase-import/edd-csv-purchase-import.php on line 53
[05-Jul-2012 17:30:18 UTC] PHP Warning:  array_combine(): Both parameters should have an equal number of elements in /home/pippin/sites/wordpress/wp-content/plugins/edd-csv-purchase-import/edd-csv-purchase-import.php on line 53
[05-Jul-2012 17:30:18 UTC] PHP Warning:  array_combine(): Both parameters should have an equal number of elements in /home/pippin/sites/wordpress/wp-content/plugins/edd-csv-purchase-import/edd-csv-purchase-import.php on line 53
[05-Jul-2012 17:30:18 UTC] PHP Warning:  array_combine(): Both parameters should have an equal number of elements in /home/pippin/sites/wordpress/wp-content/plugins/edd-csv-purchase-import/edd-csv-purchase-import.php on line 53
[05-Jul-2012 18:07:23 UTC] PHP Warning:  Missing argument 2 for get_user_by(), called in /home/pippin/sites/wordpress/wp-content/plugins/edd-csv-purchase-import/edd-csv-purchase-import.php on line 35 and defined in /home/pippin/sites/wordpress/wp-includes/pluggable.php on line 135
[05-Jul-2012 18:09:50 UTC] PHP Catchable fatal error:  Object of class WP_Error could not be converted to string in /home/pippin/sites/wordpress/wp-content/plugins/easy-digital-downloads/includes/payment-functions.php on line 123
[05-Jul-2012 18:13:36 UTC] PHP Warning:  Invalid argument supplied for foreach() in /home/pippin/sites/wordpress/wp-content/plugins/easy-digital-downloads/includes/admin-pages/payments-history.php on line 144
[05-Jul-2012 18:13:36 UTC] PHP Warning:  Invalid argument supplied for foreach() in /home/pippin/sites/wordpress/wp-content/plugins/easy-digital-downloads/includes/admin-pages/payments-history.php on line 144
[05-Jul-2012 18:13:36 UTC] PHP Warning:  Invalid argument supplied for foreach() in /home/pippin/sites/wordpress/wp-content/plugins/easy-digital-downloads/includes/admin-pages/payments-history.php on line 144
[05-Jul-2012 18:13:36 UTC] PHP Warning:  Invalid argument supplied for foreach() in /home/pippin/sites/wordpress/wp-content/plugins/easy-digital-downloads/includes/admin-pages/payments-history.php on line 144
[05-Jul-2012 18:13:36 UTC] PHP Warning:  Invalid argument supplied for foreach() in /home/pippin/sites/wordpress/wp-content/plugins/easy-digital-downloads/includes/admin-pages/payments-history.php on line 144
[05-Jul-2012 18:13:36 UTC] PHP Warning:  Invalid argument supplied for foreach() in /home/pippin/sites/wordpress/wp-content/plugins/easy-digital-downloads/includes/admin-pages/payments-history.php on line 144
[05-Jul-2012 18:13:36 UTC] PHP Warning:  Invalid argument supplied for foreach() in /home/pippin/sites/wordpress/wp-content/plugins/easy-digital-downloads/includes/admin-pages/payments-history.php on line 144
[05-Jul-2012 18:13:36 UTC] PHP Warning:  Invalid argument supplied for foreach() in /home/pippin/sites/wordpress/wp-content/plugins/easy-digital-downloads/includes/admin-pages/payments-history.php on line 144
[05-Jul-2012 18:13:36 UTC] PHP Warning:  Invalid argument supplied for foreach() in /home/pippin/sites/wordpress/wp-content/plugins/easy-digital-downloads/includes/admin-pages/payments-history.php on line 144
[05-Jul-2012 18:13:36 UTC] PHP Warning:  Invalid argument supplied for foreach() in /home/pippin/sites/wordpress/wp-content/plugins/easy-digital-downloads/includes/admin-pages/payments-history.php on line 144
[05-Jul-2012 18:13:36 UTC] PHP Warning:  Invalid argument supplied for foreach() in /home/pippin/sites/wordpress/wp-content/plugins/easy-digital-downloads/includes/admin-pages/payments-history.php on line 144
[05-Jul-2012 18:13:36 UTC] PHP Warning:  Invalid argument supplied for foreach() in /home/pippin/sites/wordpress/wp-content/plugins/easy-digital-downloads/includes/admin-pages/payments-history.php on line 144
[05-Jul-2012 18:13:36 UTC] PHP Warning:  Invalid argument supplied for foreach() in /home/pippin/sites/wordpress/wp-content/plugins/easy-digital-downloads/includes/admin-pages/payments-history.php on line 144
[05-Jul-2012 18:13:36 UTC] PHP Warning:  Invalid argument supplied for foreach() in /home/pippin/sites/wordpress/wp-content/plugins/easy-digital-downloads/includes/admin-pages/payments-history.php on line 144
[05-Jul-2012 18:13:36 UTC] PHP Warning:  Invalid argument supplied for foreach() in /home/pippin/sites/wordpress/wp-content/plugins/easy-digital-downloads/includes/admin-pages/payments-history.php on line 144
[05-Jul-2012 18:13:36 UTC] PHP Warning:  Invalid argument supplied for foreach() in /home/pippin/sites/wordpress/wp-content/plugins/easy-digital-downloads/includes/admin-pages/payments-history.php on line 144
[05-Jul-2012 18:13:36 UTC] PHP Warning:  Invalid argument supplied for foreach() in /home/pippin/sites/wordpress/wp-content/plugins/easy-digital-downloads/includes/admin-pages/payments-history.php on line 144
[05-Jul-2012 18:13:36 UTC] PHP Warning:  Invalid argument supplied for foreach() in /home/pippin/sites/wordpress/wp-content/plugins/easy-digital-downloads/includes/admin-pages/payments-history.php on line 144
[05-Jul-2012 18:13:36 UTC] PHP Warning:  Invalid argument supplied for foreach() in /home/pippin/sites/wordpress/wp-content/plugins/easy-digital-downloads/includes/admin-pages/payments-history.php on line 144
[05-Jul-2012 18:13:36 UTC] PHP Warning:  Invalid argument supplied for foreach() in /home/pippin/sites/wordpress/wp-content/plugins/easy-digital-downloads/includes/admin-pages/payments-history.php on line 144
[05-Jul-2012 18:13:38 UTC] PHP Warning:  Invalid argument supplied for foreach() in /home/pippin/sites/wordpress/wp-content/plugins/easy-digital-downloads/includes/admin-pages/payments-history.php on line 144
[05-Jul-2012 18:13:38 UTC] PHP Warning:  Invalid argument supplied for foreach() in /home/pippin/sites/wordpress/wp-content/plugins/easy-digital-downloads/includes/admin-pages/payments-history.php on line 144
[05-Jul-2012 18:13:38 UTC] PHP Warning:  Invalid argument supplied for foreach() in /home/pippin/sites/wordpress/wp-content/plugins/easy-digital-downloads/includes/admin-pages/payments-history.php on line 144
[05-Jul-2012 18:13:38 UTC] PHP Warning:  Invalid argument supplied for foreach() in /home/pippin/sites/wordpress/wp-content/plugins/easy-digital-downloads/includes/admin-pages/payments-history.php on line 144
[05-Jul-2012 18:13:38 UTC] PHP Warning:  Invalid argument supplied for foreach() in /home/pippin/sites/wordpress/wp-content/plugins/easy-digital-downloads/includes/admin-pages/payments-history.php on line 144
[05-Jul-2012 18:13:38 UTC] PHP Warning:  Invalid argument supplied for foreach() in /home/pippin/sites/wordpress/wp-content/plugins/easy-digital-downloads/includes/admin-pages/payments-history.php on line 144
[05-Jul-2012 18:13:38 UTC] PHP Warning:  Invalid argument supplied for foreach() in /home/pippin/sites/wordpress/wp-content/plugins/easy-digital-downloads/includes/admin-pages/payments-history.php on line 144
[05-Jul-2012 18:13:38 UTC] PHP Warning:  Invalid argument supplied for foreach() in /home/pippin/sites/wordpress/wp-content/plugins/easy-digital-downloads/includes/admin-pages/payments-history.php on line 144
[05-Jul-2012 18:13:38 UTC] PHP Warning:  Invalid argument supplied for foreach() in /home/pippin/sites/wordpress/wp-content/plugins/easy-digital-downloads/includes/admin-pages/payments-history.php on line 144
[05-Jul-2012 18:13:38 UTC] PHP Warning:  Invalid argument supplied for foreach() in /home/pippin/sites/wordpress/wp-content/plugins/easy-digital-downloads/includes/admin-pages/payments-history.php on line 144
[05-Jul-2012 18:13:38 UTC] PHP Warning:  Invalid argument supplied for foreach() in /home/pippin/sites/wordpress/wp-content/plugins/easy-digital-downloads/includes/admin-pages/payments-history.php on line 144
[05-Jul-2012 18:13:38 UTC] PHP Warning:  Invalid argument supplied for foreach() in /home/pippin/sites/wordpress/wp-content/plugins/easy-digital-downloads/includes/admin-pages/payments-history.php on line 144
[05-Jul-2012 18:13:38 UTC] PHP Warning:  Invalid argument supplied for foreach() in /home/pippin/sites/wordpress/wp-content/plugins/easy-digital-downloads/includes/admin-pages/payments-history.php on line 144
[05-Jul-2012 18:13:38 UTC] PHP Warning:  Invalid argument supplied for foreach() in /home/pippin/sites/wordpress/wp-content/plugins/easy-digital-downloads/includes/admin-pages/payments-history.php on line 144
[05-Jul-2012 18:13:38 UTC] PHP Warning:  Invalid argument supplied for foreach() in /home/pippin/sites/wordpress/wp-content/plugins/easy-digital-downloads/includes/admin-pages/payments-history.php on line 144
[05-Jul-2012 18:13:38 UTC] PHP Warning:  Invalid argument supplied for foreach() in /home/pippin/sites/wordpress/wp-content/plugins/easy-digital-downloads/includes/admin-pages/payments-history.php on line 144
[05-Jul-2012 18:13:38 UTC] PHP Warning:  Invalid argument supplied for foreach() in /home/pippin/sites/wordpress/wp-content/plugins/easy-digital-downloads/includes/admin-pages/payments-history.php on line 144
[05-Jul-2012 18:13:38 UTC] PHP Warning:  Invalid argument supplied for foreach() in /home/pippin/sites/wordpress/wp-content/plugins/easy-digital-downloads/includes/admin-pages/payments-history.php on line 144
[05-Jul-2012 18:13:38 UTC] PHP Warning:  Invalid argument supplied for foreach() in /home/pippin/sites/wordpress/wp-content/plugins/easy-digital-downloads/includes/admin-pages/payments-history.php on line 144
[05-Jul-2012 18:13:38 UTC] PHP Warning:  Invalid argument supplied for foreach() in /home/pippin/sites/wordpress/wp-content/plugins/easy-digital-downloads/includes/admin-pages/payments-history.php on line 144
[05-Jul-2012 18:15:47 UTC] PHP Warning:  Invalid argument supplied for foreach() in /home/pippin/sites/wordpress/wp-content/plugins/easy-digital-downloads/includes/admin-pages/forms/edit-payment.php on line 37
[05-Jul-2012 18:15:49 UTC] PHP Warning:  Invalid argument supplied for foreach() in /home/pippin/sites/wordpress/wp-content/plugins/easy-digital-downloads/includes/admin-pages/payments-history.php on line 144
[05-Jul-2012 18:15:49 UTC] PHP Warning:  Invalid argument supplied for foreach() in /home/pippin/sites/wordpress/wp-content/plugins/easy-digital-downloads/includes/admin-pages/payments-history.php on line 144
[05-Jul-2012 18:15:49 UTC] PHP Warning:  Invalid argument supplied for foreach() in /home/pippin/sites/wordpress/wp-content/plugins/easy-digital-downloads/includes/admin-pages/payments-history.php on line 144
[05-Jul-2012 18:15:49 UTC] PHP Warning:  Invalid argument supplied for foreach() in /home/pippin/sites/wordpress/wp-content/plugins/easy-digital-downloads/includes/admin-pages/payments-history.php on line 144
[05-Jul-2012 18:15:49 UTC] PHP Warning:  Invalid argument supplied for foreach() in /home/pippin/sites/wordpress/wp-content/plugins/easy-digital-downloads/includes/admin-pages/payments-history.php on line 144
[05-Jul-2012 18:15:49 UTC] PHP Warning:  Invalid argument supplied for foreach() in /home/pippin/sites/wordpress/wp-content/plugins/easy-digital-downloads/includes/admin-pages/payments-history.php on line 144
[05-Jul-2012 18:15:49 UTC] PHP Warning:  Invalid argument supplied for foreach() in /home/pippin/sites/wordpress/wp-content/plugins/easy-digital-downloads/includes/admin-pages/payments-history.php on line 144
[05-Jul-2012 18:15:49 UTC] PHP Warning:  Invalid argument supplied for foreach() in /home/pippin/sites/wordpress/wp-content/plugins/easy-digital-downloads/includes/admin-pages/payments-history.php on line 144
[05-Jul-2012 18:15:49 UTC] PHP Warning:  Invalid argument supplied for foreach() in /home/pippin/sites/wordpress/wp-content/plugins/easy-digital-downloads/includes/admin-pages/payments-history.php on line 144
[05-Jul-2012 18:15:49 UTC] PHP Warning:  Invalid argument supplied for foreach() in /home/pippin/sites/wordpress/wp-content/plugins/easy-digital-downloads/includes/admin-pages/payments-history.php on line 144
[05-Jul-2012 18:15:49 UTC] PHP Warning:  Invalid argument supplied for foreach() in /home/pippin/sites/wordpress/wp-content/plugins/easy-digital-downloads/includes/admin-pages/payments-history.php on line 144
[05-Jul-2012 18:15:49 UTC] PHP Warning:  Invalid argument supplied for foreach() in /home/pippin/sites/wordpress/wp-content/plugins/easy-digital-downloads/includes/admin-pages/payments-history.php on line 144
[05-Jul-2012 18:15:49 UTC] PHP Warning:  Invalid argument supplied for foreach() in /home/pippin/sites/wordpress/wp-content/plugins/easy-digital-downloads/includes/admin-pages/payments-history.php on line 144
[05-Jul-2012 18:15:49 UTC] PHP Warning:  Invalid argument supplied for foreach() in /home/pippin/sites/wordpress/wp-content/plugins/easy-digital-downloads/includes/admin-pages/payments-history.php on line 144
[05-Jul-2012 18:15:49 UTC] PHP Warning:  Invalid argument supplied for foreach() in /home/pippin/sites/wordpress/wp-content/plugins/easy-digital-downloads/includes/admin-pages/payments-history.php on line 144
[05-Jul-2012 18:15:49 UTC] PHP Warning:  Invalid argument supplied for foreach() in /home/pippin/sites/wordpress/wp-content/plugins/easy-digital-downloads/includes/admin-pages/payments-history.php on line 144
[05-Jul-2012 18:15:49 UTC] PHP Warning:  Invalid argument supplied for foreach() in /home/pippin/sites/wordpress/wp-content/plugins/easy-digital-downloads/includes/admin-pages/payments-history.php on line 144
[05-Jul-2012 18:15:49 UTC] PHP Warning:  Invalid argument supplied for foreach() in /home/pippin/sites/wordpress/wp-content/plugins/easy-digital-downloads/includes/admin-pages/payments-history.php on line 144
[05-Jul-2012 18:15:49 UTC] PHP Warning:  Invalid argument supplied for foreach() in /home/pippin/sites/wordpress/wp-content/plugins/easy-digital-downloads/includes/admin-pages/payments-history.php on line 144
[05-Jul-2012 18:15:49 UTC] PHP Warning:  Invalid argument supplied for foreach() in /home/pippin/sites/wordpress/wp-content/plugins/easy-digital-downloads/includes/admin-pages/payments-history.php on line 144
[05-Jul-2012 18:15:52 UTC] PHP Warning:  Invalid argument supplied for foreach() in /home/pippin/sites/wordpress/wp-content/plugins/easy-digital-downloads/includes/admin-pages/payments-history.php on line 144
[05-Jul-2012 18:15:52 UTC] PHP Warning:  Invalid argument supplied for foreach() in /home/pippin/sites/wordpress/wp-content/plugins/easy-digital-downloads/includes/admin-pages/payments-history.php on line 144
[05-Jul-2012 18:15:52 UTC] PHP Warning:  Invalid argument supplied for foreach() in /home/pippin/sites/wordpress/wp-content/plugins/easy-digital-downloads/includes/admin-pages/payments-history.php on line 144
[05-Jul-2012 18:15:52 UTC] PHP Warning:  Invalid argument supplied for foreach() in /home/pippin/sites/wordpress/wp-content/plugins/easy-digital-downloads/includes/admin-pages/payments-history.php on line 144
[05-Jul-2012 18:15:52 UTC] PHP Warning:  Invalid argument supplied for foreach() in /home/pippin/sites/wordpress/wp-content/plugins/easy-digital-downloads/includes/admin-pages/payments-history.php on line 144
[05-Jul-2012 18:15:52 UTC] PHP Warning:  Invalid argument supplied for foreach() in /home/pippin/sites/wordpress/wp-content/plugins/easy-digital-downloads/includes/admin-pages/payments-history.php on line 144
[05-Jul-2012 18:15:52 UTC] PHP Warning:  Invalid argument supplied for foreach() in /home/pippin/sites/wordpress/wp-content/plugins/easy-digital-downloads/includes/admin-pages/payments-history.php on line 144
[05-Jul-2012 18:15:52 UTC] PHP Warning:  Invalid argument supplied for foreach() in /home/pippin/sites/wordpress/wp-content/plugins/easy-digital-downloads/includes/admin-pages/payments-history.php on line 144
[05-Jul-2012 18:15:52 UTC] PHP Warning:  Invalid argument supplied for foreach() in /home/pippin/sites/wordpress/wp-content/plugins/easy-digital-downloads/includes/admin-pages/payments-history.php on line 144
[05-Jul-2012 18:15:52 UTC] PHP Warning:  Invalid argument supplied for foreach() in /home/pippin/sites/wordpress/wp-content/plugins/easy-digital-downloads/includes/admin-pages/payments-history.php on line 144
[05-Jul-2012 18:15:52 UTC] PHP Warning:  Invalid argument supplied for foreach() in /home/pippin/sites/wordpress/wp-content/plugins/easy-digital-downloads/includes/admin-pages/payments-history.php on line 144
[05-Jul-2012 18:15:52 UTC] PHP Warning:  Invalid argument supplied for foreach() in /home/pippin/sites/wordpress/wp-content/plugins/easy-digital-downloads/includes/admin-pages/payments-history.php on line 144
[05-Jul-2012 18:15:52 UTC] PHP Warning:  Invalid argument supplied for foreach() in /home/pippin/sites/wordpress/wp-content/plugins/easy-digital-downloads/includes/admin-pages/payments-history.php on line 144
[05-Jul-2012 18:15:52 UTC] PHP Warning:  Invalid argument supplied for foreach() in /home/pippin/sites/wordpress/wp-content/plugins/easy-digital-downloads/includes/admin-pages/payments-history.php on line 144
[05-Jul-2012 18:15:52 UTC] PHP Warning:  Invalid argument supplied for foreach() in /home/pippin/sites/wordpress/wp-content/plugins/easy-digital-downloads/includes/admin-pages/payments-history.php on line 144
[05-Jul-2012 18:15:52 UTC] PHP Warning:  Invalid argument supplied for foreach() in /home/pippin/sites/wordpress/wp-content/plugins/easy-digital-downloads/includes/admin-pages/payments-history.php on line 144
[05-Jul-2012 18:15:52 UTC] PHP Warning:  Invalid argument supplied for foreach() in /home/pippin/sites/wordpress/wp-content/plugins/easy-digital-downloads/includes/admin-pages/payments-history.php on line 144
[05-Jul-2012 18:15:52 UTC] PHP Warning:  Invalid argument supplied for foreach() in /home/pippin/sites/wordpress/wp-content/plugins/easy-digital-downloads/includes/admin-pages/payments-history.php on line 144
[05-Jul-2012 18:15:52 UTC] PHP Warning:  Invalid argument supplied for foreach() in /home/pippin/sites/wordpress/wp-content/plugins/easy-digital-downloads/includes/admin-pages/payments-history.php on line 144
[05-Jul-2012 18:15:52 UTC] PHP Warning:  Invalid argument supplied for foreach() in /home/pippin/sites/wordpress/wp-content/plugins/easy-digital-downloads/includes/admin-pages/payments-history.php on line 144
[05-Jul-2012 18:15:56 UTC] PHP Warning:  Invalid argument supplied for foreach() in /home/pippin/sites/wordpress/wp-content/plugins/easy-digital-downloads/includes/admin-pages/payments-history.php on line 144
[05-Jul-2012 18:15:56 UTC] PHP Warning:  Invalid argument supplied for foreach() in /home/pippin/sites/wordpress/wp-content/plugins/easy-digital-downloads/includes/admin-pages/payments-history.php on line 144
[05-Jul-2012 18:15:56 UTC] PHP Warning:  Invalid argument supplied for foreach() in /home/pippin/sites/wordpress/wp-content/plugins/easy-digital-downloads/includes/admin-pages/payments-history.php on line 144
[05-Jul-2012 18:15:56 UTC] PHP Warning:  Invalid argument supplied for foreach() in /home/pippin/sites/wordpress/wp-content/plugins/easy-digital-downloads/includes/admin-pages/payments-history.php on line 144
[05-Jul-2012 18:15:56 UTC] PHP Warning:  Invalid argument supplied for foreach() in /home/pippin/sites/wordpress/wp-content/plugins/easy-digital-downloads/includes/admin-pages/payments-history.php on line 144
[05-Jul-2012 18:15:56 UTC] PHP Warning:  Invalid argument supplied for foreach() in /home/pippin/sites/wordpress/wp-content/plugins/easy-digital-downloads/includes/admin-pages/payments-history.php on line 144
[05-Jul-2012 18:15:56 UTC] PHP Warning:  Invalid argument supplied for foreach() in /home/pippin/sites/wordpress/wp-content/plugins/easy-digital-downloads/includes/admin-pages/payments-history.php on line 144
[05-Jul-2012 18:15:56 UTC] PHP Warning:  Invalid argument supplied for foreach() in /home/pippin/sites/wordpress/wp-content/plugins/easy-digital-downloads/includes/admin-pages/payments-history.php on line 144
[05-Jul-2012 18:15:56 UTC] PHP Warning:  Invalid argument supplied for foreach() in /home/pippin/sites/wordpress/wp-content/plugins/easy-digital-downloads/includes/admin-pages/payments-history.php on line 144
[05-Jul-2012 18:15:56 UTC] PHP Warning:  Invalid argument supplied for foreach() in /home/pippin/sites/wordpress/wp-content/plugins/easy-digital-downloads/includes/admin-pages/payments-history.php on line 144
[05-Jul-2012 18:15:56 UTC] PHP Warning:  Invalid argument supplied for foreach() in /home/pippin/sites/wordpress/wp-content/plugins/easy-digital-downloads/includes/admin-pages/payments-history.php on line 144
[05-Jul-2012 18:15:56 UTC] PHP Warning:  Invalid argument supplied for foreach() in /home/pippin/sites/wordpress/wp-content/plugins/easy-digital-downloads/includes/admin-pages/payments-history.php on line 144
[05-Jul-2012 18:15:56 UTC] PHP Warning:  Invalid argument supplied for foreach() in /home/pippin/sites/wordpress/wp-content/plugins/easy-digital-downloads/includes/admin-pages/payments-history.php on line 144
[05-Jul-2012 18:15:56 UTC] PHP Warning:  Invalid argument supplied for foreach() in /home/pippin/sites/wordpress/wp-content/plugins/easy-digital-downloads/includes/admin-pages/payments-history.php on line 144
[05-Jul-2012 18:15:56 UTC] PHP Warning:  Invalid argument supplied for foreach() in /home/pippin/sites/wordpress/wp-content/plugins/easy-digital-downloads/includes/admin-pages/payments-history.php on line 144
[05-Jul-2012 18:15:56 UTC] PHP Warning:  Invalid argument supplied for foreach() in /home/pippin/sites/wordpress/wp-content/plugins/easy-digital-downloads/includes/admin-pages/payments-history.php on line 144
[05-Jul-2012 18:15:56 UTC] PHP Warning:  Invalid argument supplied for foreach() in /home/pippin/sites/wordpress/wp-content/plugins/easy-digital-downloads/includes/admin-pages/payments-history.php on line 144
[05-Jul-2012 18:15:56 UTC] PHP Warning:  Invalid argument supplied for foreach() in /home/pippin/sites/wordpress/wp-content/plugins/easy-digital-downloads/includes/admin-pages/payments-history.php on line 144
[05-Jul-2012 18:15:56 UTC] PHP Warning:  Invalid argument supplied for foreach() in /home/pippin/sites/wordpress/wp-content/plugins/easy-digital-downloads/includes/admin-pages/payments-history.php on line 144
[05-Jul-2012 18:15:56 UTC] PHP Warning:  Invalid argument supplied for foreach() in /home/pippin/sites/wordpress/wp-content/plugins/easy-digital-downloads/includes/admin-pages/payments-history.php on line 144
[05-Jul-2012 18:16:02 UTC] PHP Warning:  Invalid argument supplied for foreach() in /home/pippin/sites/wordpress/wp-content/plugins/easy-digital-downloads/includes/admin-pages/payments-history.php on line 144
[05-Jul-2012 18:16:02 UTC] PHP Warning:  Invalid argument supplied for foreach() in /home/pippin/sites/wordpress/wp-content/plugins/easy-digital-downloads/includes/admin-pages/payments-history.php on line 144
[05-Jul-2012 18:20:31 UTC] PHP Warning:  Invalid argument supplied for foreach() in /home/pippin/sites/wordpress/wp-content/plugins/easy-digital-downloads/includes/admin-pages/payments-history.php on line 144
[05-Jul-2012 18:20:36 UTC] PHP Warning:  Invalid argument supplied for foreach() in /home/pippin/sites/wordpress/wp-content/plugins/easy-digital-downloads/includes/payment-actions.php on line 178
[05-Jul-2012 18:21:03 UTC] PHP Warning:  Invalid argument supplied for foreach() in /home/pippin/sites/wordpress/wp-content/plugins/easy-digital-downloads/includes/admin-pages/payments-history.php on line 144
[05-Jul-2012 18:21:08 UTC] PHP Warning:  Invalid argument supplied for foreach() in /home/pippin/sites/wordpress/wp-content/plugins/easy-digital-downloads/includes/payment-actions.php on line 178
[05-Jul-2012 18:21:23 UTC] PHP Warning:  Invalid argument supplied for foreach() in /home/pippin/sites/wordpress/wp-content/plugins/easy-digital-downloads/includes/admin-pages/payments-history.php on line 144
[05-Jul-2012 18:22:35 UTC] PHP Warning:  Invalid argument supplied for foreach() in /home/pippin/sites/wordpress/wp-content/plugins/easy-digital-downloads/includes/admin-pages/payments-history.php on line 144
[05-Jul-2012 18:22:35 UTC] PHP Warning:  Invalid argument supplied for foreach() in /home/pippin/sites/wordpress/wp-content/plugins/easy-digital-downloads/includes/admin-pages/payments-history.php on line 144
[05-Jul-2012 18:22:35 UTC] PHP Warning:  Invalid argument supplied for foreach() in /home/pippin/sites/wordpress/wp-content/plugins/easy-digital-downloads/includes/admin-pages/payments-history.php on line 144
[05-Jul-2012 18:22:40 UTC] PHP Warning:  Invalid argument supplied for foreach() in /home/pippin/sites/wordpress/wp-content/plugins/easy-digital-downloads/includes/payment-actions.php on line 178
[05-Jul-2012 18:22:41 UTC] PHP Warning:  Invalid argument supplied for foreach() in /home/pippin/sites/wordpress/wp-content/plugins/easy-digital-downloads/includes/admin-pages/payments-history.php on line 144
[05-Jul-2012 18:22:41 UTC] PHP Warning:  Invalid argument supplied for foreach() in /home/pippin/sites/wordpress/wp-content/plugins/easy-digital-downloads/includes/admin-pages/payments-history.php on line 144
[05-Jul-2012 18:22:44 UTC] PHP Warning:  Invalid argument supplied for foreach() in /home/pippin/sites/wordpress/wp-content/plugins/easy-digital-downloads/includes/payment-actions.php on line 178
[05-Jul-2012 18:22:45 UTC] PHP Warning:  Invalid argument supplied for foreach() in /home/pippin/sites/wordpress/wp-content/plugins/easy-digital-downloads/includes/admin-pages/payments-history.php on line 144
[05-Jul-2012 18:22:47 UTC] PHP Warning:  Invalid argument supplied for foreach() in /home/pippin/sites/wordpress/wp-content/plugins/easy-digital-downloads/includes/payment-actions.php on line 178
[05-Jul-2012 18:22:54 UTC] PHP Warning:  Invalid argument supplied for foreach() in /home/pippin/sites/wordpress/wp-content/plugins/easy-digital-downloads/includes/admin-pages/payments-history.php on line 144
[05-Jul-2012 18:24:28 UTC] PHP Warning:  Invalid argument supplied for foreach() in /home/pippin/sites/wordpress/wp-content/plugins/easy-digital-downloads/includes/admin-pages/payments-history.php on line 144
[05-Jul-2012 18:24:28 UTC] PHP Warning:  Invalid argument supplied for foreach() in /home/pippin/sites/wordpress/wp-content/plugins/easy-digital-downloads/includes/admin-pages/payments-history.php on line 144
[05-Jul-2012 18:24:39 UTC] PHP Warning:  Invalid argument supplied for foreach() in /home/pippin/sites/wordpress/wp-content/plugins/easy-digital-downloads/includes/payment-actions.php on line 178
[05-Jul-2012 18:24:40 UTC] PHP Warning:  Invalid argument supplied for foreach() in /home/pippin/sites/wordpress/wp-content/plugins/easy-digital-downloads/includes/admin-pages/payments-history.php on line 144
[05-Jul-2012 18:24:43 UTC] PHP Warning:  Invalid argument supplied for foreach() in /home/pippin/sites/wordpress/wp-content/plugins/easy-digital-downloads/includes/payment-actions.php on line 178
[05-Jul-2012 18:28:27 UTC] PHP Warning:  Invalid argument supplied for foreach() in /home/pippin/sites/wordpress/wp-content/plugins/easy-digital-downloads/includes/admin-pages/payments-history.php on line 144
[05-Jul-2012 18:31:13 UTC] PHP Warning:  Invalid argument supplied for foreach() in /home/pippin/sites/wordpress/wp-content/plugins/easy-digital-downloads/includes/payment-actions.php on line 178
[05-Jul-2012 18:31:30 UTC] PHP Warning:  Invalid argument supplied for foreach() in /home/pippin/sites/wordpress/wp-content/plugins/easy-digital-downloads/includes/admin-pages/payments-history.php on line 144
[05-Jul-2012 18:32:20 UTC] PHP Warning:  Invalid argument supplied for foreach() in /home/pippin/sites/wordpress/wp-content/plugins/easy-digital-downloads/includes/payment-actions.php on line 178
[05-Jul-2012 18:32:27 UTC] PHP Warning:  Invalid argument supplied for foreach() in /home/pippin/sites/wordpress/wp-content/plugins/easy-digital-downloads/includes/admin-pages/payments-history.php on line 144
[05-Jul-2012 18:33:19 UTC] PHP Warning:  Invalid argument supplied for foreach() in /home/pippin/sites/wordpress/wp-content/plugins/easy-digital-downloads/includes/payment-actions.php on line 178
[05-Jul-2012 18:34:38 UTC] PHP Warning:  Invalid argument supplied for foreach() in /home/pippin/sites/wordpress/wp-content/plugins/easy-digital-downloads/includes/payment-actions.php on line 178
[05-Jul-2012 18:34:43 UTC] PHP Warning:  Invalid argument supplied for foreach() in /home/pippin/sites/wordpress/wp-content/plugins/easy-digital-downloads/includes/payment-actions.php on line 178
[05-Jul-2012 18:38:15 UTC] PHP Warning:  Invalid argument supplied for foreach() in /home/pippin/sites/wordpress/wp-content/plugins/easy-digital-downloads/includes/payment-actions.php on line 178
[05-Jul-2012 18:43:10 UTC] PHP Warning:  Invalid argument supplied for foreach() in /home/pippin/sites/wordpress/wp-content/plugins/easy-digital-downloads/includes/payment-actions.php on line 178
[05-Jul-2012 18:43:30 UTC] PHP Warning:  Invalid argument supplied for foreach() in /home/pippin/sites/wordpress/wp-content/plugins/easy-digital-downloads/includes/payment-actions.php on line 178
[05-Jul-2012 18:48:05 UTC] PHP Warning:  Invalid argument supplied for foreach() in /home/pippin/sites/wordpress/wp-content/plugins/easy-digital-downloads/includes/payment-actions.php on line 178
[05-Jul-2012 18:55:05 UTC] PHP Warning:  Invalid argument supplied for foreach() in /home/pippin/sites/wordpress/wp-content/plugins/easy-digital-downloads/includes/payment-actions.php on line 178
[05-Jul-2012 18:57:44 UTC] PHP Warning:  Invalid argument supplied for foreach() in /home/pippin/sites/wordpress/wp-content/plugins/easy-digital-downloads/includes/payment-actions.php on line 178
[05-Jul-2012 19:02:07 UTC] PHP Warning:  call_user_func_array() expects parameter 1 to be a valid callback, function 'edd_payment_history_page' not found or invalid function name in /home/pippin/sites/wordpress/wp-includes/plugin.php on line 403
[05-Jul-2012 19:03:48 UTC] PHP Fatal error:  Call to undefined function is_empty() in /home/pippin/sites/wordpress/wp-content/plugins/easy-digital-downloads/includes/admin-pages/payments-history.php on line 138
[05-Jul-2012 19:24:46 UTC] PHP Fatal error:  Maximum execution time of 30 seconds exceeded in /home/pippin/sites/wordpress/wp-includes/formatting.php on line 1396
